<?xml version="1.0" encoding="UTF-8"?>
<!-- Generated by org.testng.reporters.JUnitReportReporter -->
<testsuite name="samplePrograms.ProxySetting" tests="1" time="20.438" ignored="0" failures="0" timestamp="09 Jan 2017 22:04:17 GMT" skipped="0" hostname="L-SFO21109YP" errors="0">
  <testcase name="setProxy" time="20.438" classname="samplePrograms.ProxySetting"/>
</testsuite> <!-- samplePrograms.ProxySetting -->
