<?xml version="1.0" encoding="UTF-8"?>
<!-- Generated by org.testng.reporters.JUnitReportReporter -->
<testsuite name="samplePrograms.Prog1" tests="1" time="0.057" ignored="0" failures="0" timestamp="09 Jan 2017 19:41:28 GMT" skipped="0" hostname="L-SFO21109YP" errors="0">
  <testcase name="testSample" time="0.057" classname="samplePrograms.Prog1"/>
</testsuite> <!-- samplePrograms.Prog1 -->
