<?xml version="1.0" encoding="UTF-8"?>
<!-- Generated by org.testng.reporters.JUnitReportReporter -->
<testsuite name="samplePrograms.Test1" tests="1" time="39.841" ignored="0" failures="0" timestamp="09 Jan 2017 20:03:32 GMT" skipped="0" hostname="L-SFO21109YP" errors="0">
  <testcase name="testSample" time="39.841" classname="samplePrograms.Test1"/>
</testsuite> <!-- samplePrograms.Test1 -->
