<?xml version="1.0" encoding="UTF-8"?>
<!-- Generated by org.testng.reporters.JUnitReportReporter -->
<testsuite skipped="0" hostname="L-SFM38WDJC2" name="programConcepts.TestNGAnnotations" tests="2" failures="0" timestamp="27 Mar 2017 15:06:29 GMT" time="0.007" errors="0">
  <testcase name="testBus" time="0.004" classname="programConcepts.TestNGAnnotations"/>
  <testcase name="testCar" time="0.003" classname="programConcepts.TestNGAnnotations"/>
</testsuite> <!-- programConcepts.TestNGAnnotations -->
